<?xml version="1.0" encoding="UTF-8"?>
<!-- Generated by org.testng.reporters.JUnitReportReporter -->
<testsuite hostname="-PC" failures="0" tests="2" name="org.example.testcases.CrossBrowser_TC" time="22.090" errors="0" timestamp="2024-02-27T11:39:13 IST" skipped="0">
  <testcase classname="org.example.testcases.CrossBrowser_TC" name="openFirefoxBrowser" time="13.150"/>
  <testcase classname="org.example.testcases.CrossBrowser_TC" name="openFirefoxBrowser" time="8.940"/>
</testsuite> <!-- org.example.testcases.CrossBrowser_TC -->
