<?xml version="1.0" encoding="UTF-8"?>
<!-- Generated by org.testng.reporters.JUnitReportReporter -->
<testsuite hostname="-PC" failures="0" tests="6" name="org.example.testcases.EcommerceTest" time="14.918" errors="0" timestamp="2024-02-26T10:13:00 IST" skipped="0">
  <testcase classname="org.example.testcases.EcommerceTest" name="testLaunchApplication" time="4.863"/>
  <testcase classname="org.example.testcases.EcommerceTest" name="testCustomerLogin" time="1.753"/>
  <testcase classname="org.example.testcases.EcommerceTest" name="testViewProducts" time="4.889"/>
  <testcase classname="org.example.testcases.EcommerceTest" name="addToCart" time="0.588"/>
  <testcase classname="org.example.testcases.EcommerceTest" name="checkOut" time="1.552"/>
  <testcase classname="org.example.testcases.EcommerceTest" name="testCustomerRegistration" time="1.273"/>
</testsuite> <!-- org.example.testcases.EcommerceTest -->
