<?xml version="1.0" encoding="UTF-8"?>
<!-- Generated by org.testng.reporters.JUnitReportReporter -->
<testsuite hostname="-PC" failures="0" tests="1" name="org.example.testcases.CrossBrowser_TC$CrossBrowsingTest" time="7.137" errors="0" timestamp="2024-02-27T11:25:28 IST" skipped="0">
  <testcase classname="org.example.testcases.CrossBrowser_TC$CrossBrowsingTest" name="openFirefoxBrowser" time="7.137"/>
</testsuite> <!-- org.example.testcases.CrossBrowser_TC$CrossBrowsingTest -->
