<?xml version="1.0" encoding="UTF-8"?>
<!-- Generated by org.testng.reporters.JUnitReportReporter -->
<testsuite hostname="-PC" failures="0" tests="1" name="org.example.testcases.ProductSearch_TC" time="6.193" errors="0" timestamp="2024-02-26T10:15:11 IST" skipped="0">
  <testcase classname="org.example.testcases.ProductSearch_TC" name="someMethod" time="6.193"/>
</testsuite> <!-- org.example.testcases.ProductSearch_TC -->
